#
# A fatal error has been detected by the Java Runtime Environment:
#
#  Internal Error (javaClasses.cpp:129), pid=70552, tid=59264
#  fatal error: Invalid layout of preloaded class
#
# JRE version: 7.0_25-b16
# Java VM: Java HotSpot(TM) 64-Bit Server VM (23.25-b01 mixed mode windows-amd64 compressed oops)
# Failed to write core dump. Minidumps are not enabled by default on client versions of Windows
#
# If you would like to submit a bug report, please visit:
#   http://bugreport.sun.com/bugreport/crash.jsp
#

---------------  T H R E A D  ---------------

Current thread (0x0000000001f8e000):  JavaThread "Unknown thread" [_thread_in_vm, id=59264, stack(0x0000000002070000,0x0000000002170000)]

Stack: [0x0000000002070000,0x0000000002170000]

---------------  P R O C E S S  ---------------

Java Threads: ( => current thread )

Other Threads:

=>0x0000000001f8e000 (exited) JavaThread "Unknown thread" [_thread_in_vm, id=59264, stack(0x0000000002070000,0x0000000002170000)]

VM state:not at safepoint (not fully initialized)

VM Mutex/Monitor currently owned by a thread: None

GC Heap History (0 events):
No events

Deoptimization events (0 events):
No events

Internal exceptions (0 events):
No events

Events (10 events):
Event: 0.033 loading class 0x0000000002183aa0 done
Event: 0.033 loading class 0x0000000002183da0 done
Event: 0.033 loading class 0x0000000002183d40
Event: 0.033 loading class 0x00000000021c0300
Event: 0.033 loading class 0x00000000021c0300 done
Event: 0.033 loading class 0x00000000021c0340
Event: 0.033 loading class 0x00000000021c0340 done
Event: 0.033 loading class 0x000000000af6e660
Event: 0.033 loading class 0x000000000af6e660 done
Event: 0.034 loading class 0x0000000002183d40 done


Dynamic libraries:
0x000007f65de50000 - 0x000007f65de83000 	C:\Program Files\Java\jre7\bin\javaw.exe
0x000007fbe8c90000 - 0x000007fbe8e50000 	C:\Windows\SYSTEM32\ntdll.dll
0x000007fbe6b70000 - 0x000007fbe6ca6000 	C:\Windows\system32\KERNEL32.DLL
0x000007fbe5f50000 - 0x000007fbe6043000 	C:\Windows\system32\KERNELBASE.dll
0x000007fbe6620000 - 0x000007fbe66fe000 	C:\Windows\system32\ADVAPI32.dll
0x000007fbe82f0000 - 0x000007fbe843c000 	C:\Windows\system32\USER32.dll
0x000007fbe3d70000 - 0x000007fbe3fda000 	C:\Windows\WinSxS\amd64_microsoft.windows.common-controls_6595b64144ccf1df_6.0.9200.16579_none_418ab7ef718b27ef\COMCTL32.dll
0x000007fbe8b80000 - 0x000007fbe8c25000 	C:\Windows\system32\msvcrt.dll
0x000007fbe60e0000 - 0x000007fbe6128000 	C:\Windows\SYSTEM32\sechost.dll
0x000007fbe67b0000 - 0x000007fbe68f5000 	C:\Windows\system32\RPCRT4.dll
0x000007fbe6900000 - 0x000007fbe6a41000 	C:\Windows\system32\GDI32.dll
0x000007fbe86e0000 - 0x000007fbe8719000 	C:\Windows\system32\IMM32.DLL
0x000007fbe6140000 - 0x000007fbe6256000 	C:\Windows\system32\MSCTF.dll
0x000000005b330000 - 0x000000005b401000 	C:\Program Files\Java\jre7\bin\msvcr100.dll
0x000000005ac20000 - 0x000000005b32f000 	C:\Program Files\Java\jre7\bin\server\jvm.dll
0x000007fbdcf10000 - 0x000007fbdcf19000 	C:\Windows\SYSTEM32\WSOCK32.dll
0x000007fbe27d0000 - 0x000007fbe27f0000 	C:\Windows\SYSTEM32\WINMM.dll
0x000007fbe6130000 - 0x000007fbe6137000 	C:\Windows\system32\PSAPI.DLL
0x000007fbe8c30000 - 0x000007fbe8c88000 	C:\Windows\system32\WS2_32.dll
0x000007fbe2610000 - 0x000007fbe2643000 	C:\Windows\SYSTEM32\WINMMBASE.dll
0x000007fbe64b0000 - 0x000007fbe64b9000 	C:\Windows\system32\NSI.dll
0x000007fbe5f00000 - 0x000007fbe5f4f000 	C:\Windows\SYSTEM32\cfgmgr32.dll
0x000007fbe6050000 - 0x000007fbe6072000 	C:\Windows\system32\DEVOBJ.dll
0x000000005caa0000 - 0x000000005caaf000 	C:\Program Files\Java\jre7\bin\verify.dll
0x000000005ca70000 - 0x000000005ca98000 	C:\Program Files\Java\jre7\bin\java.dll
0x000000005ca50000 - 0x000000005ca65000 	C:\Program Files\Java\jre7\bin\zip.dll

VM Arguments:
jvm_args: -ea -Dfile.encoding=Cp1252 -Xbootclasspath:C:\Users\AndrewK\Desktop\adt-bundle-windows-x86_64-20130729\adt-bundle-windows-x86_64-20130729\sdk\platforms\android-18\android.jar 
java_command: org.eclipse.jdt.internal.junit.runner.RemoteTestRunner -version 3 -port 60820 -testLoaderClass org.eclipse.jdt.internal.junit.runner.junit3.JUnit3TestLoader -loaderpluginname org.eclipse.jdt.junit.runtime -classNames cs2114.mazesolver.Mazetest
Launcher Type: SUN_STANDARD

Environment Variables:
CLASSPATH=.;C:\Program Files (x86)\QuickTime\QTSystem\QTJava.zip
PATH=C:\Windows\system32;C:\Windows;C:\Windows\system32\wbem;C:\Program Files (x86)\Intel\iCLS Client;C:\Program Files\Intel\iCLS Client;C:\Windows\System32\WindowsPowerShell\v1.0;C:\Program Files (x86)\Intel\OpenCL SDK\2.0\bin\x86;C:\Program Files (x86)\Intel\OpenCL SDK\2.0\bin\x64;C:\Program Files\Intel\WiFi\bin;C:\Program Files\Common Files\Intel\WirelessCommon;C:\Program Files (x86)\QuickTime\QTSystem;C:\Program Files\Intel\WiFi\bin\;C:\Program Files\Common Files\Intel\WirelessCommon\
USERNAME=AndrewK
OS=Windows_NT
PROCESSOR_IDENTIFIER=Intel64 Family 6 Model 42 Stepping 7, GenuineIntel



---------------  S Y S T E M  ---------------

OS: Windows 8 , 64 bit Build 9200 

CPU:total 4 (2 cores per cpu, 2 threads per core) family 6 model 42 stepping 7, cmov, cx8, fxsr, mmx, sse, sse2, sse3, ssse3, sse4.1, sse4.2, popcnt, avx, ht, tsc, tscinvbit

Memory: 4k page, physical 8272940k(3605448k free), swap 11418668k(5570452k free)

vm_info: Java HotSpot(TM) 64-Bit Server VM (23.25-b01) for windows-amd64 JRE (1.7.0_25-b16), built on Jun 12 2013 16:42:02 by "java_re" with unknown MS VC++:1600

time: Sat Dec 07 14:31:05 2013
elapsed time: 0 seconds

